22:06:19.643 [main] DEBUG com.intuit.karate.Suite - [config] classpath:karate-config.js
22:06:22.466 [main] INFO  com.intuit.karate - karate.env system property was: null 
22:06:23.927 [main] DEBUG com.intuit.karate - request:
1 > GET https://api.spacexdata.com/v4/launches/latest
1 > Host: api.spacexdata.com
1 > Connection: Keep-Alive
1 > User-Agent: Apache-HttpClient/4.5.13 (Java/15.0.2)
1 > Accept-Encoding: gzip,deflate


22:06:25.442 [main] DEBUG com.intuit.karate - response time in milliseconds: 1499
1 < 200
1 < Access-Control-Allow-Origin: *
1 < Access-Control-Expose-Headers: spacex-api-cache,spacex-api-response-time
1 < Alt-Svc: h3-29=":443"; ma=2592000,h3-34=":443"; ma=2592000,h3-32=":443"; ma=2592000
1 < Cache-Control: max-age=20
1 < Content-Security-Policy: default-src 'self';base-uri 'self';block-all-mixed-content;font-src 'self' https: data:;frame-ancestors 'self';img-src 'self' data:;object-src 'none';script-src 'self';script-src-attr 'none';style-src 'self' https: 'unsafe-inline';upgrade-insecure-requests
1 < Content-Type: application/json; charset=utf-8
1 < Date: Thu, 03 Jun 2021 16:36:25 GMT
1 < Etag: "7df-CjT0j/oEEmLholtFTi8CTJweYiM"
1 < Expect-Ct: max-age=0
1 < Referrer-Policy: no-referrer
1 < Server: Caddy
1 < Spacex-Api-Cache: HIT
1 < Spacex-Api-Cache-Online: true
1 < Spacex-Api-Response-Time: 1ms
1 < Strict-Transport-Security: max-age=15552000; includeSubDomains
1 < Vary: Origin
1 < Vary: Accept-Encoding
1 < X-Content-Type-Options: nosniff
1 < X-Dns-Prefetch-Control: off
1 < X-Download-Options: noopen
1 < X-Frame-Options: SAMEORIGIN
1 < X-Permitted-Cross-Domain-Policies: none
1 < X-Xss-Protection: 0
{"launchpad":"5e9e4501f509094ba4566f84","payloads":["6079bd679a06446e8c61bf7d"],"rocket":"5e9d0d95eda69973a809d1ec","crew":[],"date_unix":1622055540,"cores":[{"core":"5f57c54a0622a633027900a1","flight":2,"landing_type":"ASDS","gridfins":true,"landing_attempt":true,"legs":true,"landpad":"5e9e3033383ecbb9e534e7cc","reused":true,"landing_success":true}],"auto_update":true,"date_precision":"hour","links":{"patch":{"small":"https:\/\/imgur.com\/BrW201S.png","large":"https:\/\/imgur.com\/573IfGk.png"},"webcast":"https:\/\/youtu.be\/xRu-ekesDyY","flickr":{"small":[],"original":[]},"reddit":{"campaign":"https:\/\/www.reddit.com\/r\/spacex\/comments\/jhu37i\/starlink_general_discussion_and_deployment_thread\/","launch":"https:\/\/www.reddit.com\/r\/spacex\/comments\/nkxg4s\/rspacex_starlink28_launch_discussion_and_updates\/","media":null,"recovery":"https:\/\/www.reddit.com\/r\/spacex\/comments\/k2ts1q\/rspacex_fleet_updates_discussion_thread\/"},"wikipedia":"https:\/\/en.wikipedia.org\/wiki\/Starlink","youtube_id":"xRu-ekesDyY","presskit":null,"article":null},"details":"This mission launches the 28th batch of operational Starlink satellites, which were version 1.0, from SLC-40. It was the 29th Starlink launch overall. The satellites plan to be delivered to low Earth orbit and will spend a few weeks maneuvering to their operational altitude. The booster is expected to land on ASDS JRTI.","id":"6079bd399a06446e8c61bf77","net":false,"capsules":[],"static_fire_date_utc":null,"failures":[],"date_local":"2021-05-26T14:59:00-04:00","flight_number":128,"launch_library_id":"fb25ecf0-fb51-4b5e-b678-105f6ba4c06e","fairings":{"recovered":true,"ships":["5ea6ed2e080df4000697c909","5ea6ed2f080df4000697c90c"],"recovery_attempt":true,"reused":true},"ships":["5ea6ed30080df4000697c913","5ea6ed2f080df4000697c90c","5ee68c683c228f36bd5809b5","5ea6ed2f080df4000697c90b","5ea6ed2e080df4000697c909"],"date_utc":"2021-05-26T18:59:00.000Z","static_fire_date_unix":null,"success":true,"tbd":false,"name":"Starlink-28 (v1.0)","window":null,"upcoming":false}
22:06:25.527 [main] INFO  com.intuit.karate - karate.env system property was: null 
22:06:25.607 [main] DEBUG com.intuit.karate - request:
1 > GET https://api.spacexdata.com/v4/launches/latest
1 > Host: api.spacexdata.com
1 > Connection: Keep-Alive
1 > User-Agent: Apache-HttpClient/4.5.13 (Java/15.0.2)
1 > Accept-Encoding: gzip,deflate


22:06:26.391 [main] DEBUG com.intuit.karate - response time in milliseconds: 781
1 < 200
1 < Access-Control-Allow-Origin: *
1 < Access-Control-Expose-Headers: spacex-api-cache,spacex-api-response-time
1 < Alt-Svc: h3-29=":443"; ma=2592000,h3-34=":443"; ma=2592000,h3-32=":443"; ma=2592000
1 < Cache-Control: max-age=20
1 < Content-Security-Policy: default-src 'self';base-uri 'self';block-all-mixed-content;font-src 'self' https: data:;frame-ancestors 'self';img-src 'self' data:;object-src 'none';script-src 'self';script-src-attr 'none';style-src 'self' https: 'unsafe-inline';upgrade-insecure-requests
1 < Content-Type: application/json; charset=utf-8
1 < Date: Thu, 03 Jun 2021 16:36:26 GMT
1 < Etag: "7df-CjT0j/oEEmLholtFTi8CTJweYiM"
1 < Expect-Ct: max-age=0
1 < Referrer-Policy: no-referrer
1 < Server: Caddy
1 < Spacex-Api-Cache: HIT
1 < Spacex-Api-Cache-Online: true
1 < Spacex-Api-Response-Time: 1ms
1 < Strict-Transport-Security: max-age=15552000; includeSubDomains
1 < Vary: Origin
1 < Vary: Accept-Encoding
1 < X-Content-Type-Options: nosniff
1 < X-Dns-Prefetch-Control: off
1 < X-Download-Options: noopen
1 < X-Frame-Options: SAMEORIGIN
1 < X-Permitted-Cross-Domain-Policies: none
1 < X-Xss-Protection: 0
{"launchpad":"5e9e4501f509094ba4566f84","payloads":["6079bd679a06446e8c61bf7d"],"rocket":"5e9d0d95eda69973a809d1ec","crew":[],"date_unix":1622055540,"cores":[{"core":"5f57c54a0622a633027900a1","flight":2,"landing_type":"ASDS","gridfins":true,"landing_attempt":true,"legs":true,"landpad":"5e9e3033383ecbb9e534e7cc","reused":true,"landing_success":true}],"auto_update":true,"date_precision":"hour","links":{"patch":{"small":"https:\/\/imgur.com\/BrW201S.png","large":"https:\/\/imgur.com\/573IfGk.png"},"webcast":"https:\/\/youtu.be\/xRu-ekesDyY","flickr":{"small":[],"original":[]},"reddit":{"campaign":"https:\/\/www.reddit.com\/r\/spacex\/comments\/jhu37i\/starlink_general_discussion_and_deployment_thread\/","launch":"https:\/\/www.reddit.com\/r\/spacex\/comments\/nkxg4s\/rspacex_starlink28_launch_discussion_and_updates\/","media":null,"recovery":"https:\/\/www.reddit.com\/r\/spacex\/comments\/k2ts1q\/rspacex_fleet_updates_discussion_thread\/"},"wikipedia":"https:\/\/en.wikipedia.org\/wiki\/Starlink","youtube_id":"xRu-ekesDyY","presskit":null,"article":null},"details":"This mission launches the 28th batch of operational Starlink satellites, which were version 1.0, from SLC-40. It was the 29th Starlink launch overall. The satellites plan to be delivered to low Earth orbit and will spend a few weeks maneuvering to their operational altitude. The booster is expected to land on ASDS JRTI.","id":"6079bd399a06446e8c61bf77","net":false,"capsules":[],"static_fire_date_utc":null,"failures":[],"date_local":"2021-05-26T14:59:00-04:00","flight_number":128,"launch_library_id":"fb25ecf0-fb51-4b5e-b678-105f6ba4c06e","fairings":{"recovered":true,"ships":["5ea6ed2e080df4000697c909","5ea6ed2f080df4000697c90c"],"recovery_attempt":true,"reused":true},"ships":["5ea6ed30080df4000697c913","5ea6ed2f080df4000697c90c","5ee68c683c228f36bd5809b5","5ea6ed2f080df4000697c90b","5ea6ed2e080df4000697c909"],"date_utc":"2021-05-26T18:59:00.000Z","static_fire_date_unix":null,"success":true,"tbd":false,"name":"Starlink-28 (v1.0)","window":null,"upcoming":false}
22:06:26.399 [main] INFO  com.intuit.karate - [print] {
  "launchpad": "5e9e4501f509094ba4566f84",
  "payloads": [
    "6079bd679a06446e8c61bf7d"
  ],
  "rocket": "5e9d0d95eda69973a809d1ec",
  "crew": [
  ],
  "date_unix": 1622055540,
  "cores": [
    {
      "core": "5f57c54a0622a633027900a1",
      "flight": 2,
      "landing_type": "ASDS",
      "gridfins": true,
      "landing_attempt": true,
      "legs": true,
      "landpad": "5e9e3033383ecbb9e534e7cc",
      "reused": true,
      "landing_success": true
    }
  ],
  "auto_update": true,
  "date_precision": "hour",
  "links": {
    "patch": {
      "small": "https://imgur.com/BrW201S.png",
      "large": "https://imgur.com/573IfGk.png"
    },
    "webcast": "https://youtu.be/xRu-ekesDyY",
    "flickr": {
      "small": [
      ],
      "original": [
      ]
    },
    "reddit": {
      "campaign": "https://www.reddit.com/r/spacex/comments/jhu37i/starlink_general_discussion_and_deployment_thread/",
      "launch": "https://www.reddit.com/r/spacex/comments/nkxg4s/rspacex_starlink28_launch_discussion_and_updates/",
      "media": null,
      "recovery": "https://www.reddit.com/r/spacex/comments/k2ts1q/rspacex_fleet_updates_discussion_thread/"
    },
    "wikipedia": "https://en.wikipedia.org/wiki/Starlink",
    "youtube_id": "xRu-ekesDyY",
    "presskit": null,
    "article": null
  },
  "details": "This mission launches the 28th batch of operational Starlink satellites, which were version 1.0, from SLC-40. It was the 29th Starlink launch overall. The satellites plan to be delivered to low Earth orbit and will spend a few weeks maneuvering to their operational altitude. The booster is expected to land on ASDS JRTI.",
  "id": "6079bd399a06446e8c61bf77",
  "net": false,
  "capsules": [
  ],
  "static_fire_date_utc": null,
  "failures": [
  ],
  "date_local": "2021-05-26T14:59:00-04:00",
  "flight_number": 128,
  "launch_library_id": "fb25ecf0-fb51-4b5e-b678-105f6ba4c06e",
  "fairings": {
    "recovered": true,
    "ships": [
      "5ea6ed2e080df4000697c909",
      "5ea6ed2f080df4000697c90c"
    ],
    "recovery_attempt": true,
    "reused": true
  },
  "ships": [
    "5ea6ed30080df4000697c913",
    "5ea6ed2f080df4000697c90c",
    "5ee68c683c228f36bd5809b5",
    "5ea6ed2f080df4000697c90b",
    "5ea6ed2e080df4000697c909"
  ],
  "date_utc": "2021-05-26T18:59:00.000Z",
  "static_fire_date_unix": null,
  "success": true,
  "tbd": false,
  "name": "Starlink-28 (v1.0)",
  "window": null,
  "upcoming": false
}
 
22:06:26.511 [main] INFO  com.intuit.karate - karate.env system property was: null 
22:06:26.622 [main] DEBUG com.intuit.karate - request:
1 > GET https://api.spacexdata.com/v4/launches/latest
1 > Host: api.spacexdata.com
1 > Connection: Keep-Alive
1 > User-Agent: Apache-HttpClient/4.5.13 (Java/15.0.2)
1 > Accept-Encoding: gzip,deflate


22:06:27.367 [main] DEBUG com.intuit.karate - response time in milliseconds: 743
1 < 200
1 < Access-Control-Allow-Origin: *
1 < Access-Control-Expose-Headers: spacex-api-cache,spacex-api-response-time
1 < Alt-Svc: h3-29=":443"; ma=2592000,h3-34=":443"; ma=2592000,h3-32=":443"; ma=2592000
1 < Cache-Control: max-age=20
1 < Content-Security-Policy: default-src 'self';base-uri 'self';block-all-mixed-content;font-src 'self' https: data:;frame-ancestors 'self';img-src 'self' data:;object-src 'none';script-src 'self';script-src-attr 'none';style-src 'self' https: 'unsafe-inline';upgrade-insecure-requests
1 < Content-Type: application/json; charset=utf-8
1 < Date: Thu, 03 Jun 2021 16:36:27 GMT
1 < Etag: "7df-CjT0j/oEEmLholtFTi8CTJweYiM"
1 < Expect-Ct: max-age=0
1 < Referrer-Policy: no-referrer
1 < Server: Caddy
1 < Spacex-Api-Cache: HIT
1 < Spacex-Api-Cache-Online: true
1 < Spacex-Api-Response-Time: 1ms
1 < Strict-Transport-Security: max-age=15552000; includeSubDomains
1 < Vary: Origin
1 < Vary: Accept-Encoding
1 < X-Content-Type-Options: nosniff
1 < X-Dns-Prefetch-Control: off
1 < X-Download-Options: noopen
1 < X-Frame-Options: SAMEORIGIN
1 < X-Permitted-Cross-Domain-Policies: none
1 < X-Xss-Protection: 0
{"launchpad":"5e9e4501f509094ba4566f84","payloads":["6079bd679a06446e8c61bf7d"],"rocket":"5e9d0d95eda69973a809d1ec","crew":[],"date_unix":1622055540,"cores":[{"core":"5f57c54a0622a633027900a1","flight":2,"landing_type":"ASDS","gridfins":true,"landing_attempt":true,"legs":true,"landpad":"5e9e3033383ecbb9e534e7cc","reused":true,"landing_success":true}],"auto_update":true,"date_precision":"hour","links":{"patch":{"small":"https:\/\/imgur.com\/BrW201S.png","large":"https:\/\/imgur.com\/573IfGk.png"},"webcast":"https:\/\/youtu.be\/xRu-ekesDyY","flickr":{"small":[],"original":[]},"reddit":{"campaign":"https:\/\/www.reddit.com\/r\/spacex\/comments\/jhu37i\/starlink_general_discussion_and_deployment_thread\/","launch":"https:\/\/www.reddit.com\/r\/spacex\/comments\/nkxg4s\/rspacex_starlink28_launch_discussion_and_updates\/","media":null,"recovery":"https:\/\/www.reddit.com\/r\/spacex\/comments\/k2ts1q\/rspacex_fleet_updates_discussion_thread\/"},"wikipedia":"https:\/\/en.wikipedia.org\/wiki\/Starlink","youtube_id":"xRu-ekesDyY","presskit":null,"article":null},"details":"This mission launches the 28th batch of operational Starlink satellites, which were version 1.0, from SLC-40. It was the 29th Starlink launch overall. The satellites plan to be delivered to low Earth orbit and will spend a few weeks maneuvering to their operational altitude. The booster is expected to land on ASDS JRTI.","id":"6079bd399a06446e8c61bf77","net":false,"capsules":[],"static_fire_date_utc":null,"failures":[],"date_local":"2021-05-26T14:59:00-04:00","flight_number":128,"launch_library_id":"fb25ecf0-fb51-4b5e-b678-105f6ba4c06e","fairings":{"recovered":true,"ships":["5ea6ed2e080df4000697c909","5ea6ed2f080df4000697c90c"],"recovery_attempt":true,"reused":true},"ships":["5ea6ed30080df4000697c913","5ea6ed2f080df4000697c90c","5ee68c683c228f36bd5809b5","5ea6ed2f080df4000697c90b","5ea6ed2e080df4000697c909"],"date_utc":"2021-05-26T18:59:00.000Z","static_fire_date_unix":null,"success":true,"tbd":false,"name":"Starlink-28 (v1.0)","window":null,"upcoming":false}
22:06:27.427 [main] INFO  com.intuit.karate - karate.env system property was: null 
22:06:27.448 [main] DEBUG com.intuit.karate - request:
1 > GET https://api.spacexdata.com/v4/launches/latest
1 > Host: api.spacexdata.com
1 > Connection: Keep-Alive
1 > User-Agent: Apache-HttpClient/4.5.13 (Java/15.0.2)
1 > Accept-Encoding: gzip,deflate


22:06:28.212 [main] DEBUG com.intuit.karate - response time in milliseconds: 761
1 < 200
1 < Access-Control-Allow-Origin: *
1 < Access-Control-Expose-Headers: spacex-api-cache,spacex-api-response-time
1 < Alt-Svc: h3-29=":443"; ma=2592000,h3-34=":443"; ma=2592000,h3-32=":443"; ma=2592000
1 < Cache-Control: max-age=20
1 < Content-Security-Policy: default-src 'self';base-uri 'self';block-all-mixed-content;font-src 'self' https: data:;frame-ancestors 'self';img-src 'self' data:;object-src 'none';script-src 'self';script-src-attr 'none';style-src 'self' https: 'unsafe-inline';upgrade-insecure-requests
1 < Content-Type: application/json; charset=utf-8
1 < Date: Thu, 03 Jun 2021 16:36:27 GMT
1 < Etag: "7df-CjT0j/oEEmLholtFTi8CTJweYiM"
1 < Expect-Ct: max-age=0
1 < Referrer-Policy: no-referrer
1 < Server: Caddy
1 < Spacex-Api-Cache: HIT
1 < Spacex-Api-Cache-Online: true
1 < Spacex-Api-Response-Time: 0ms
1 < Strict-Transport-Security: max-age=15552000; includeSubDomains
1 < Vary: Origin
1 < Vary: Accept-Encoding
1 < X-Content-Type-Options: nosniff
1 < X-Dns-Prefetch-Control: off
1 < X-Download-Options: noopen
1 < X-Frame-Options: SAMEORIGIN
1 < X-Permitted-Cross-Domain-Policies: none
1 < X-Xss-Protection: 0
{"launchpad":"5e9e4501f509094ba4566f84","payloads":["6079bd679a06446e8c61bf7d"],"rocket":"5e9d0d95eda69973a809d1ec","crew":[],"date_unix":1622055540,"cores":[{"core":"5f57c54a0622a633027900a1","flight":2,"landing_type":"ASDS","gridfins":true,"landing_attempt":true,"legs":true,"landpad":"5e9e3033383ecbb9e534e7cc","reused":true,"landing_success":true}],"auto_update":true,"date_precision":"hour","links":{"patch":{"small":"https:\/\/imgur.com\/BrW201S.png","large":"https:\/\/imgur.com\/573IfGk.png"},"webcast":"https:\/\/youtu.be\/xRu-ekesDyY","flickr":{"small":[],"original":[]},"reddit":{"campaign":"https:\/\/www.reddit.com\/r\/spacex\/comments\/jhu37i\/starlink_general_discussion_and_deployment_thread\/","launch":"https:\/\/www.reddit.com\/r\/spacex\/comments\/nkxg4s\/rspacex_starlink28_launch_discussion_and_updates\/","media":null,"recovery":"https:\/\/www.reddit.com\/r\/spacex\/comments\/k2ts1q\/rspacex_fleet_updates_discussion_thread\/"},"wikipedia":"https:\/\/en.wikipedia.org\/wiki\/Starlink","youtube_id":"xRu-ekesDyY","presskit":null,"article":null},"details":"This mission launches the 28th batch of operational Starlink satellites, which were version 1.0, from SLC-40. It was the 29th Starlink launch overall. The satellites plan to be delivered to low Earth orbit and will spend a few weeks maneuvering to their operational altitude. The booster is expected to land on ASDS JRTI.","id":"6079bd399a06446e8c61bf77","net":false,"capsules":[],"static_fire_date_utc":null,"failures":[],"date_local":"2021-05-26T14:59:00-04:00","flight_number":128,"launch_library_id":"fb25ecf0-fb51-4b5e-b678-105f6ba4c06e","fairings":{"recovered":true,"ships":["5ea6ed2e080df4000697c909","5ea6ed2f080df4000697c90c"],"recovery_attempt":true,"reused":true},"ships":["5ea6ed30080df4000697c913","5ea6ed2f080df4000697c90c","5ee68c683c228f36bd5809b5","5ea6ed2f080df4000697c90b","5ea6ed2e080df4000697c909"],"date_utc":"2021-05-26T18:59:00.000Z","static_fire_date_unix":null,"success":true,"tbd":false,"name":"Starlink-28 (v1.0)","window":null,"upcoming":false}
22:06:30.611 [main] INFO  com.intuit.karate.Suite - <<pass>> feature 1 of 1 (0 remaining) classpath:feature/spacex.feature
